\BOOKMARK [0][-]{chapter.1}{\376\377\0001\000\040\000N\000a\000m\000e\000s\000p\000a\000c\000e\000\040\000I\000n\000d\000e\000x}{}% 1
\BOOKMARK [1][-]{section.1.1}{\376\377\0001\000.\0001\000\040\000N\000a\000m\000e\000s\000p\000a\000c\000e\000\040\000L\000i\000s\000t}{chapter.1}% 2
\BOOKMARK [0][-]{chapter.2}{\376\377\0002\000\040\000H\000i\000e\000r\000a\000r\000c\000h\000i\000c\000a\000l\000\040\000I\000n\000d\000e\000x}{}% 3
\BOOKMARK [1][-]{section.2.1}{\376\377\0002\000.\0001\000\040\000C\000l\000a\000s\000s\000\040\000H\000i\000e\000r\000a\000r\000c\000h\000y}{chapter.2}% 4
\BOOKMARK [0][-]{chapter.3}{\376\377\0003\000\040\000C\000l\000a\000s\000s\000\040\000I\000n\000d\000e\000x}{}% 5
\BOOKMARK [1][-]{section.3.1}{\376\377\0003\000.\0001\000\040\000C\000l\000a\000s\000s\000\040\000L\000i\000s\000t}{chapter.3}% 6
\BOOKMARK [0][-]{chapter.4}{\376\377\0004\000\040\000F\000i\000l\000e\000\040\000I\000n\000d\000e\000x}{}% 7
\BOOKMARK [1][-]{section.4.1}{\376\377\0004\000.\0001\000\040\000F\000i\000l\000e\000\040\000L\000i\000s\000t}{chapter.4}% 8
\BOOKMARK [0][-]{chapter.5}{\376\377\0005\000\040\000N\000a\000m\000e\000s\000p\000a\000c\000e\000\040\000D\000o\000c\000u\000m\000e\000n\000t\000a\000t\000i\000o\000n}{}% 9
\BOOKMARK [1][-]{section.5.1}{\376\377\0005\000.\0001\000\040\000U\000i\000\040\000N\000a\000m\000e\000s\000p\000a\000c\000e\000\040\000R\000e\000f\000e\000r\000e\000n\000c\000e}{chapter.5}% 10
\BOOKMARK [0][-]{chapter.6}{\376\377\0006\000\040\000C\000l\000a\000s\000s\000\040\000D\000o\000c\000u\000m\000e\000n\000t\000a\000t\000i\000o\000n}{}% 11
\BOOKMARK [1][-]{section.6.1}{\376\377\0006\000.\0001\000\040\000C\000a\000m\000e\000r\000a\000S\000t\000r\000e\000a\000m\000\040\000C\000l\000a\000s\000s\000\040\000R\000e\000f\000e\000r\000e\000n\000c\000e}{chapter.6}% 12
\BOOKMARK [2][-]{subsection.6.1.1}{\376\377\0006\000.\0001\000.\0001\000\040\000D\000e\000t\000a\000i\000l\000e\000d\000\040\000D\000e\000s\000c\000r\000i\000p\000t\000i\000o\000n}{section.6.1}% 13
\BOOKMARK [2][-]{subsection.6.1.2}{\376\377\0006\000.\0001\000.\0002\000\040\000C\000o\000n\000s\000t\000r\000u\000c\000t\000o\000r\000\040\000\046\000\040\000D\000e\000s\000t\000r\000u\000c\000t\000o\000r\000\040\000D\000o\000c\000u\000m\000e\000n\000t\000a\000t\000i\000o\000n}{section.6.1}% 14
\BOOKMARK [3][-]{subsubsection.6.1.2.1}{\376\377\0006\000.\0001\000.\0002\000.\0001\000\040\000C\000a\000m\000e\000r\000a\000S\000t\000r\000e\000a\000m\000\050\000\051}{subsection.6.1.2}% 15
\BOOKMARK [2][-]{subsection.6.1.3}{\376\377\0006\000.\0001\000.\0003\000\040\000M\000e\000m\000b\000e\000r\000\040\000F\000u\000n\000c\000t\000i\000o\000n\000\040\000D\000o\000c\000u\000m\000e\000n\000t\000a\000t\000i\000o\000n}{section.6.1}% 16
\BOOKMARK [3][-]{subsubsection.6.1.3.1}{\376\377\0006\000.\0001\000.\0003\000.\0001\000\040\000a\000c\000q\000u\000i\000s\000i\000t\000i\000o\000n\000L\000o\000o\000p\000\050\000\051}{subsection.6.1.3}% 17
\BOOKMARK [2][-]{subsection.6.1.4}{\376\377\0006\000.\0001\000.\0004\000\040\000M\000e\000m\000b\000e\000r\000\040\000D\000a\000t\000a\000\040\000D\000o\000c\000u\000m\000e\000n\000t\000a\000t\000i\000o\000n}{section.6.1}% 18
\BOOKMARK [3][-]{subsubsection.6.1.4.1}{\376\377\0006\000.\0001\000.\0004\000.\0001\000\040\000c\000a\000m\000e\000r\000a}{subsection.6.1.4}% 19
\BOOKMARK [3][-]{subsubsection.6.1.4.2}{\376\377\0006\000.\0001\000.\0004\000.\0002\000\040\000l\000a\000t\000e\000s\000t\000I\000m\000a\000g\000e}{subsection.6.1.4}% 20
\BOOKMARK [3][-]{subsubsection.6.1.4.3}{\376\377\0006\000.\0001\000.\0004\000.\0003\000\040\000l\000a\000t\000e\000s\000t\000I\000m\000a\000g\000e\000T\000i\000m\000e\000s\000t\000a\000m\000p}{subsection.6.1.4}% 21
\BOOKMARK [3][-]{subsubsection.6.1.4.4}{\376\377\0006\000.\0001\000.\0004\000.\0004\000\040\000l\000a\000t\000e\000s\000t\000O\000b\000j\000e\000c\000t}{subsection.6.1.4}% 22
\BOOKMARK [1][-]{section.6.2}{\376\377\0006\000.\0002\000\040\000U\000i\000:\000:\000D\000i\000a\000l\000o\000g\000\040\000C\000l\000a\000s\000s\000\040\000R\000e\000f\000e\000r\000e\000n\000c\000e}{chapter.6}% 23
\BOOKMARK [1][-]{section.6.3}{\376\377\0006\000.\0003\000\040\000F\000i\000n\000d\000C\000a\000m\000e\000r\000a\000D\000i\000a\000l\000o\000g\000\040\000C\000l\000a\000s\000s\000\040\000R\000e\000f\000e\000r\000e\000n\000c\000e}{chapter.6}% 24
\BOOKMARK [2][-]{subsection.6.3.1}{\376\377\0006\000.\0003\000.\0001\000\040\000D\000e\000t\000a\000i\000l\000e\000d\000\040\000D\000e\000s\000c\000r\000i\000p\000t\000i\000o\000n}{section.6.3}% 25
\BOOKMARK [2][-]{subsection.6.3.2}{\376\377\0006\000.\0003\000.\0002\000\040\000C\000o\000n\000s\000t\000r\000u\000c\000t\000o\000r\000\040\000\046\000\040\000D\000e\000s\000t\000r\000u\000c\000t\000o\000r\000\040\000D\000o\000c\000u\000m\000e\000n\000t\000a\000t\000i\000o\000n}{section.6.3}% 26
\BOOKMARK [3][-]{subsubsection.6.3.2.1}{\376\377\0006\000.\0003\000.\0002\000.\0001\000\040\000F\000i\000n\000d\000C\000a\000m\000e\000r\000a\000D\000i\000a\000l\000o\000g\000\050\000\051}{subsection.6.3.2}% 27
\BOOKMARK [2][-]{subsection.6.3.3}{\376\377\0006\000.\0003\000.\0003\000\040\000M\000e\000m\000b\000e\000r\000\040\000F\000u\000n\000c\000t\000i\000o\000n\000\040\000D\000o\000c\000u\000m\000e\000n\000t\000a\000t\000i\000o\000n}{section.6.3}% 28
\BOOKMARK [3][-]{subsubsection.6.3.3.1}{\376\377\0006\000.\0003\000.\0003\000.\0001\000\040\000n\000e\000o\000S\000t\000r\000i\000n\000g\000T\000o\000Q\000S\000t\000r\000i\000n\000g\000\050\000\051}{subsection.6.3.3}% 29
\BOOKMARK [2][-]{subsection.6.3.4}{\376\377\0006\000.\0003\000.\0004\000\040\000M\000e\000m\000b\000e\000r\000\040\000D\000a\000t\000a\000\040\000D\000o\000c\000u\000m\000e\000n\000t\000a\000t\000i\000o\000n}{section.6.3}% 30
\BOOKMARK [3][-]{subsubsection.6.3.4.1}{\376\377\0006\000.\0003\000.\0004\000.\0001\000\040\000d\000i\000a\000l\000o\000g}{subsection.6.3.4}% 31
\BOOKMARK [3][-]{subsubsection.6.3.4.2}{\376\377\0006\000.\0003\000.\0004\000.\0002\000\040\000s\000e\000l\000e\000c\000t\000e\000d\000I\000P}{subsection.6.3.4}% 32
\BOOKMARK [3][-]{subsubsection.6.3.4.3}{\376\377\0006\000.\0003\000.\0004\000.\0003\000\040\000u\000i}{subsection.6.3.4}% 33
\BOOKMARK [1][-]{section.6.4}{\376\377\0006\000.\0004\000\040\000F\000R\000A\000M\000E\000\040\000S\000t\000r\000u\000c\000t\000\040\000R\000e\000f\000e\000r\000e\000n\000c\000e}{chapter.6}% 34
\BOOKMARK [2][-]{subsection.6.4.1}{\376\377\0006\000.\0004\000.\0001\000\040\000M\000e\000m\000b\000e\000r\000\040\000D\000a\000t\000a\000\040\000D\000o\000c\000u\000m\000e\000n\000t\000a\000t\000i\000o\000n}{section.6.4}% 35
\BOOKMARK [3][-]{subsubsection.6.4.1.1}{\376\377\0006\000.\0004\000.\0001\000.\0001\000\040\000A}{subsection.6.4.1}% 36
\BOOKMARK [3][-]{subsubsection.6.4.1.2}{\376\377\0006\000.\0004\000.\0001\000.\0002\000\040\000B}{subsection.6.4.1}% 37
\BOOKMARK [3][-]{subsubsection.6.4.1.3}{\376\377\0006\000.\0004\000.\0001\000.\0003\000\040\000C}{subsection.6.4.1}% 38
\BOOKMARK [3][-]{subsubsection.6.4.1.4}{\376\377\0006\000.\0004\000.\0001\000.\0004\000\040\000X}{subsection.6.4.1}% 39
\BOOKMARK [3][-]{subsubsection.6.4.1.5}{\376\377\0006\000.\0004\000.\0001\000.\0005\000\040\000Y}{subsection.6.4.1}% 40
\BOOKMARK [3][-]{subsubsection.6.4.1.6}{\376\377\0006\000.\0004\000.\0001\000.\0006\000\040\000Z}{subsection.6.4.1}% 41
\BOOKMARK [1][-]{section.6.5}{\376\377\0006\000.\0005\000\040\000M\000a\000i\000n\000W\000i\000n\000d\000o\000w\000\040\000C\000l\000a\000s\000s\000\040\000R\000e\000f\000e\000r\000e\000n\000c\000e}{chapter.6}% 42
\BOOKMARK [2][-]{subsection.6.5.1}{\376\377\0006\000.\0005\000.\0001\000\040\000D\000e\000t\000a\000i\000l\000e\000d\000\040\000D\000e\000s\000c\000r\000i\000p\000t\000i\000o\000n}{section.6.5}% 43
\BOOKMARK [2][-]{subsection.6.5.2}{\376\377\0006\000.\0005\000.\0002\000\040\000C\000o\000n\000s\000t\000r\000u\000c\000t\000o\000r\000\040\000\046\000\040\000D\000e\000s\000t\000r\000u\000c\000t\000o\000r\000\040\000D\000o\000c\000u\000m\000e\000n\000t\000a\000t\000i\000o\000n}{section.6.5}% 44
\BOOKMARK [3][-]{subsubsection.6.5.2.1}{\376\377\0006\000.\0005\000.\0002\000.\0001\000\040\000M\000a\000i\000n\000W\000i\000n\000d\000o\000w\000\050\000\051}{subsection.6.5.2}% 45
\BOOKMARK [2][-]{subsection.6.5.3}{\376\377\0006\000.\0005\000.\0003\000\040\000M\000e\000m\000b\000e\000r\000\040\000F\000u\000n\000c\000t\000i\000o\000n\000\040\000D\000o\000c\000u\000m\000e\000n\000t\000a\000t\000i\000o\000n}{section.6.5}% 46
\BOOKMARK [3][-]{subsubsection.6.5.3.1}{\376\377\0006\000.\0005\000.\0003\000.\0001\000\040\000G\000e\000t\000A\000l\000l\000O\000p\000t\000i\000o\000n\000s\000\137\000J\000S\000O\000N\000\050\000\051}{subsection.6.5.3}% 47
\BOOKMARK [3][-]{subsubsection.6.5.3.2}{\376\377\0006\000.\0005\000.\0003\000.\0002\000\040\000S\000a\000v\000e\000O\000p\000t\000i\000o\000n\000s\000I\000n\000J\000S\000O\000N\000\050\000\051}{subsection.6.5.3}% 48
\BOOKMARK [2][-]{subsection.6.5.4}{\376\377\0006\000.\0005\000.\0004\000\040\000M\000e\000m\000b\000e\000r\000\040\000D\000a\000t\000a\000\040\000D\000o\000c\000u\000m\000e\000n\000t\000a\000t\000i\000o\000n}{section.6.5}% 49
\BOOKMARK [3][-]{subsubsection.6.5.4.1}{\376\377\0006\000.\0005\000.\0004\000.\0001\000\040\000c\000a\000m\000e\000r\000a\000S\000t\000r\000e\000a\000m}{subsection.6.5.4}% 50
\BOOKMARK [3][-]{subsubsection.6.5.4.2}{\376\377\0006\000.\0005\000.\0004\000.\0002\000\040\000o\000p\000t\000i\000o\000n\000s\000\137\000J\000S\000O\000N}{subsection.6.5.4}% 51
\BOOKMARK [1][-]{section.6.6}{\376\377\0006\000.\0006\000\040\000U\000i\000:\000:\000M\000a\000i\000n\000W\000i\000n\000d\000o\000w\000\040\000C\000l\000a\000s\000s\000\040\000R\000e\000f\000e\000r\000e\000n\000c\000e}{chapter.6}% 52
\BOOKMARK [1][-]{section.6.7}{\376\377\0006\000.\0007\000\040\000O\000b\000j\000e\000c\000t\000D\000e\000t\000a\000i\000l\000s\000\040\000C\000l\000a\000s\000s\000\040\000R\000e\000f\000e\000r\000e\000n\000c\000e}{chapter.6}% 53
\BOOKMARK [2][-]{subsection.6.7.1}{\376\377\0006\000.\0007\000.\0001\000\040\000D\000e\000t\000a\000i\000l\000e\000d\000\040\000D\000e\000s\000c\000r\000i\000p\000t\000i\000o\000n}{section.6.7}% 54
\BOOKMARK [2][-]{subsection.6.7.2}{\376\377\0006\000.\0007\000.\0002\000\040\000C\000o\000n\000s\000t\000r\000u\000c\000t\000o\000r\000\040\000\046\000\040\000D\000e\000s\000t\000r\000u\000c\000t\000o\000r\000\040\000D\000o\000c\000u\000m\000e\000n\000t\000a\000t\000i\000o\000n}{section.6.7}% 55
\BOOKMARK [3][-]{subsubsection.6.7.2.1}{\376\377\0006\000.\0007\000.\0002\000.\0001\000\040\000O\000b\000j\000e\000c\000t\000D\000e\000t\000a\000i\000l\000s\000\050\000\051}{subsection.6.7.2}% 56
\BOOKMARK [2][-]{subsection.6.7.3}{\376\377\0006\000.\0007\000.\0003\000\040\000M\000e\000m\000b\000e\000r\000\040\000F\000u\000n\000c\000t\000i\000o\000n\000\040\000D\000o\000c\000u\000m\000e\000n\000t\000a\000t\000i\000o\000n}{section.6.7}% 57
\BOOKMARK [3][-]{subsubsection.6.7.3.1}{\376\377\0006\000.\0007\000.\0003\000.\0001\000\040\000g\000e\000t\000A\000n\000g\000l\000e\000\050\000\051}{subsection.6.7.3}% 58
\BOOKMARK [3][-]{subsubsection.6.7.3.2}{\376\377\0006\000.\0007\000.\0003\000.\0002\000\040\000g\000e\000t\000C\000e\000n\000t\000e\000r\000\050\000\051}{subsection.6.7.3}% 59
\BOOKMARK [3][-]{subsubsection.6.7.3.3}{\376\377\0006\000.\0007\000.\0003\000.\0003\000\040\000g\000e\000t\000C\000o\000r\000n\000e\000r\000\050\000\051}{subsection.6.7.3}% 60
\BOOKMARK [3][-]{subsubsection.6.7.3.4}{\376\377\0006\000.\0007\000.\0003\000.\0004\000\040\000i\000s\000V\000a\000l\000i\000d\000\050\000\051}{subsection.6.7.3}% 61
\BOOKMARK [3][-]{subsubsection.6.7.3.5}{\376\377\0006\000.\0007\000.\0003\000.\0005\000\040\000s\000e\000t\000A\000n\000g\000l\000e\000\050\000\051}{subsection.6.7.3}% 62
\BOOKMARK [3][-]{subsubsection.6.7.3.6}{\376\377\0006\000.\0007\000.\0003\000.\0006\000\040\000s\000e\000t\000C\000e\000n\000t\000e\000r\000\050\000\051}{subsection.6.7.3}% 63
\BOOKMARK [3][-]{subsubsection.6.7.3.7}{\376\377\0006\000.\0007\000.\0003\000.\0007\000\040\000s\000e\000t\000C\000o\000r\000n\000e\000r\000\050\000\051}{subsection.6.7.3}% 64
\BOOKMARK [3][-]{subsubsection.6.7.3.8}{\376\377\0006\000.\0007\000.\0003\000.\0008\000\040\000s\000e\000t\000V\000a\000l\000i\000d\000\050\000\051}{subsection.6.7.3}% 65
\BOOKMARK [1][-]{section.6.8}{\376\377\0006\000.\0008\000\040\000U\000i\000\137\000D\000i\000a\000l\000o\000g\000\040\000C\000l\000a\000s\000s\000\040\000R\000e\000f\000e\000r\000e\000n\000c\000e}{chapter.6}% 66
\BOOKMARK [2][-]{subsection.6.8.1}{\376\377\0006\000.\0008\000.\0001\000\040\000D\000e\000t\000a\000i\000l\000e\000d\000\040\000D\000e\000s\000c\000r\000i\000p\000t\000i\000o\000n}{section.6.8}% 67
\BOOKMARK [2][-]{subsection.6.8.2}{\376\377\0006\000.\0008\000.\0002\000\040\000M\000e\000m\000b\000e\000r\000\040\000F\000u\000n\000c\000t\000i\000o\000n\000\040\000D\000o\000c\000u\000m\000e\000n\000t\000a\000t\000i\000o\000n}{section.6.8}% 68
\BOOKMARK [3][-]{subsubsection.6.8.2.1}{\376\377\0006\000.\0008\000.\0002\000.\0001\000\040\000r\000e\000t\000r\000a\000n\000s\000l\000a\000t\000e\000U\000i\000\050\000\051}{subsection.6.8.2}% 69
\BOOKMARK [3][-]{subsubsection.6.8.2.2}{\376\377\0006\000.\0008\000.\0002\000.\0002\000\040\000s\000e\000t\000u\000p\000U\000i\000\050\000\051}{subsection.6.8.2}% 70
\BOOKMARK [2][-]{subsection.6.8.3}{\376\377\0006\000.\0008\000.\0003\000\040\000M\000e\000m\000b\000e\000r\000\040\000D\000a\000t\000a\000\040\000D\000o\000c\000u\000m\000e\000n\000t\000a\000t\000i\000o\000n}{section.6.8}% 71
\BOOKMARK [3][-]{subsubsection.6.8.3.1}{\376\377\0006\000.\0008\000.\0003\000.\0001\000\040\000b\000u\000t\000t\000o\000n\000B\000o\000x}{subsection.6.8.3}% 72
\BOOKMARK [3][-]{subsubsection.6.8.3.2}{\376\377\0006\000.\0008\000.\0003\000.\0002\000\040\000l\000i\000s\000t\000W\000i\000d\000g\000e\000t}{subsection.6.8.3}% 73
\BOOKMARK [1][-]{section.6.9}{\376\377\0006\000.\0009\000\040\000U\000i\000\137\000M\000a\000i\000n\000W\000i\000n\000d\000o\000w\000\040\000C\000l\000a\000s\000s\000\040\000R\000e\000f\000e\000r\000e\000n\000c\000e}{chapter.6}% 74
\BOOKMARK [2][-]{subsection.6.9.1}{\376\377\0006\000.\0009\000.\0001\000\040\000D\000e\000t\000a\000i\000l\000e\000d\000\040\000D\000e\000s\000c\000r\000i\000p\000t\000i\000o\000n}{section.6.9}% 75
\BOOKMARK [2][-]{subsection.6.9.2}{\376\377\0006\000.\0009\000.\0002\000\040\000M\000e\000m\000b\000e\000r\000\040\000F\000u\000n\000c\000t\000i\000o\000n\000\040\000D\000o\000c\000u\000m\000e\000n\000t\000a\000t\000i\000o\000n}{section.6.9}% 76
\BOOKMARK [3][-]{subsubsection.6.9.2.1}{\376\377\0006\000.\0009\000.\0002\000.\0001\000\040\000r\000e\000t\000r\000a\000n\000s\000l\000a\000t\000e\000U\000i\000\050\000\051}{subsection.6.9.2}% 77
\BOOKMARK [3][-]{subsubsection.6.9.2.2}{\376\377\0006\000.\0009\000.\0002\000.\0002\000\040\000s\000e\000t\000u\000p\000U\000i\000\050\000\051}{subsection.6.9.2}% 78
\BOOKMARK [2][-]{subsection.6.9.3}{\376\377\0006\000.\0009\000.\0003\000\040\000M\000e\000m\000b\000e\000r\000\040\000D\000a\000t\000a\000\040\000D\000o\000c\000u\000m\000e\000n\000t\000a\000t\000i\000o\000n}{section.6.9}% 79
\BOOKMARK [3][-]{subsubsection.6.9.3.1}{\376\377\0006\000.\0009\000.\0003\000.\0001\000\040\000a\000c\000t\000i\000o\000n\000E\000x\000i\000t}{subsection.6.9.3}% 80
\BOOKMARK [3][-]{subsubsection.6.9.3.2}{\376\377\0006\000.\0009\000.\0003\000.\0002\000\040\000a\000c\000t\000i\000o\000n\000O\000p\000e\000n\000\137\000C\000o\000n\000s\000o\000l\000e}{subsection.6.9.3}% 81
\BOOKMARK [3][-]{subsubsection.6.9.3.3}{\376\377\0006\000.\0009\000.\0003\000.\0003\000\040\000a\000c\000t\000i\000o\000n\000P\000r\000o\000j\000e\000c\000t\000\137\000I\000n\000f\000o\000s}{subsection.6.9.3}% 82
\BOOKMARK [3][-]{subsubsection.6.9.3.4}{\376\377\0006\000.\0009\000.\0003\000.\0004\000\040\000a\000c\000t\000i\000o\000n\000S\000a\000v\000e\000\137\000I\000m\000a\000g\000e\000\137\000a\000s}{subsection.6.9.3}% 83
\BOOKMARK [3][-]{subsubsection.6.9.3.5}{\376\377\0006\000.\0009\000.\0003\000.\0005\000\040\000b\000i\000n\000i\000n\000g\000L\000a\000b\000e\000l}{subsection.6.9.3}% 84
\BOOKMARK [3][-]{subsubsection.6.9.3.6}{\376\377\0006\000.\0009\000.\0003\000.\0006\000\040\000b\000i\000n\000i\000n\000g\000V\000a\000l\000u\000e\000L\000i\000n\000e\000E\000d\000i\000t}{subsection.6.9.3}% 85
\BOOKMARK [3][-]{subsubsection.6.9.3.7}{\376\377\0006\000.\0009\000.\0003\000.\0007\000\040\000c\000a\000m\000e\000r\000a\000I\000P\000L\000a\000b\000e\000l}{subsection.6.9.3}% 86
\BOOKMARK [3][-]{subsubsection.6.9.3.8}{\376\377\0006\000.\0009\000.\0003\000.\0008\000\040\000c\000a\000m\000e\000r\000a\000I\000P\000L\000i\000n\000e\000E\000d\000i\000t}{subsection.6.9.3}% 87
\BOOKMARK [3][-]{subsubsection.6.9.3.9}{\376\377\0006\000.\0009\000.\0003\000.\0009\000\040\000c\000a\000m\000e\000r\000a\000O\000p\000t\000i\000o\000n\000s\0002\000L\000a\000y\000o\000u\000t}{subsection.6.9.3}% 88
\BOOKMARK [3][-]{subsubsection.6.9.3.10}{\376\377\0006\000.\0009\000.\0003\000.\0001\0000\000\040\000c\000a\000m\000e\000r\000a\000O\000p\000t\000i\000o\000n\000s\000L\000a\000b\000e\000l}{subsection.6.9.3}% 89
\BOOKMARK [3][-]{subsubsection.6.9.3.11}{\376\377\0006\000.\0009\000.\0003\000.\0001\0001\000\040\000c\000a\000m\000e\000r\000a\000O\000p\000t\000i\000o\000n\000s\000L\000a\000y\000o\000u\000t}{subsection.6.9.3}% 90
\BOOKMARK [3][-]{subsubsection.6.9.3.12}{\376\377\0006\000.\0009\000.\0003\000.\0001\0002\000\040\000c\000a\000m\000e\000r\000a\000V\000i\000e\000w\000H\000e\000a\000d\000l\000i\000n\000e\000L\000a\000b\000e\000l}{subsection.6.9.3}% 91
\BOOKMARK [3][-]{subsubsection.6.9.3.13}{\376\377\0006\000.\0009\000.\0003\000.\0001\0003\000\040\000c\000a\000m\000e\000r\000a\000V\000i\000e\000w\000I\000n\000f\000o\000L\000a\000b\000e\000l}{subsection.6.9.3}% 92
\BOOKMARK [3][-]{subsubsection.6.9.3.14}{\376\377\0006\000.\0009\000.\0003\000.\0001\0004\000\040\000c\000a\000m\000e\000r\000a\000V\000i\000e\000w\000T\000i\000m\000e\000s\000t\000a\000m\000p\000L\000a\000b\000e\000l}{subsection.6.9.3}% 93
\BOOKMARK [3][-]{subsubsection.6.9.3.15}{\376\377\0006\000.\0009\000.\0003\000.\0001\0005\000\040\000c\000a\000m\000e\000r\000a\000V\000i\000e\000w\000V\000e\000r\000t\000i\000c\000a\000l\000L\000a\000y\000o\000u\000t}{subsection.6.9.3}% 94
\BOOKMARK [3][-]{subsubsection.6.9.3.16}{\376\377\0006\000.\0009\000.\0003\000.\0001\0006\000\040\000c\000a\000m\000e\000r\000a\000V\000i\000e\000w\000W\000i\000d\000g\000e\000t}{subsection.6.9.3}% 95
\BOOKMARK [3][-]{subsubsection.6.9.3.17}{\376\377\0006\000.\0009\000.\0003\000.\0001\0007\000\040\000c\000o\000n\000s\000o\000l\000e\000W\000i\000n\000d\000o\000w\000D\000o\000c\000k\000W\000i\000d\000g\000e\000t}{subsection.6.9.3}% 96
\BOOKMARK [3][-]{subsubsection.6.9.3.18}{\376\377\0006\000.\0009\000.\0003\000.\0001\0008\000\040\000c\000o\000o\000r\000d\000i\000n\000a\000t\000e\000L\000a\000b\000e\000l}{subsection.6.9.3}% 97
\BOOKMARK [3][-]{subsubsection.6.9.3.19}{\376\377\0006\000.\0009\000.\0003\000.\0001\0009\000\040\000c\000o\000o\000r\000d\000i\000n\000a\000t\000e\000s\000C\000h\000e\000c\000k\000B\000o\000x}{subsection.6.9.3}% 98
\BOOKMARK [3][-]{subsubsection.6.9.3.20}{\376\377\0006\000.\0009\000.\0003\000.\0002\0000\000\040\000c\000o\000o\000r\000d\000i\000n\000a\000t\000e\000S\000h\000o\000w\000L\000a\000b\000e\000l}{subsection.6.9.3}% 99
\BOOKMARK [3][-]{subsubsection.6.9.3.21}{\376\377\0006\000.\0009\000.\0003\000.\0002\0001\000\040\000d\000a\000t\000a\000S\000a\000v\000e\000P\000a\000t\000h\000L\000a\000b\000e\000l}{subsection.6.9.3}% 100
\BOOKMARK [3][-]{subsubsection.6.9.3.22}{\376\377\0006\000.\0009\000.\0003\000.\0002\0002\000\040\000d\000a\000t\000a\000S\000a\000v\000e\000P\000a\000t\000h\000L\000i\000n\000e\000E\000d\000i\000t}{subsection.6.9.3}% 101
\BOOKMARK [3][-]{subsubsection.6.9.3.23}{\376\377\0006\000.\0009\000.\0003\000.\0002\0003\000\040\000d\000i\000v\000i\000d\000e\000r\000C\000a\000m\000e\000r\000a\000O\000p\000t\000i\000o\000n\000s\000l\000i\000n\000e}{subsection.6.9.3}% 102
\BOOKMARK [3][-]{subsubsection.6.9.3.24}{\376\377\0006\000.\0009\000.\0003\000.\0002\0004\000\040\000d\000o\000c\000k\000W\000i\000d\000g\000e\000t\000C\000o\000n\000t\000e\000n\000t\000s\000\137\0002}{subsection.6.9.3}% 103
\BOOKMARK [3][-]{subsubsection.6.9.3.25}{\376\377\0006\000.\0009\000.\0003\000.\0002\0005\000\040\000e\000m\000p\000t\000y\000C\000a\000m\000e\000r\000a\000O\000p\000t\000i\000o\000n\000s\000L\000a\000b\000e\000l}{subsection.6.9.3}% 104
\BOOKMARK [3][-]{subsubsection.6.9.3.26}{\376\377\0006\000.\0009\000.\0003\000.\0002\0006\000\040\000f\000i\000n\000d\000C\000a\000m\000e\000r\000a\000B\000u\000t\000t\000o\000n}{subsection.6.9.3}% 105
\BOOKMARK [3][-]{subsubsection.6.9.3.27}{\376\377\0006\000.\0009\000.\0003\000.\0002\0007\000\040\000f\000i\000n\000d\000C\000a\000m\000e\000r\000a\000L\000a\000b\000e\000l}{subsection.6.9.3}% 106
\BOOKMARK [3][-]{subsubsection.6.9.3.28}{\376\377\0006\000.\0009\000.\0003\000.\0002\0008\000\040\000f\000o\000l\000d\000e\000r\000D\000i\000a\000l\000o\000g\000B\000u\000t\000t\000o\000n}{subsection.6.9.3}% 107
\BOOKMARK [3][-]{subsubsection.6.9.3.29}{\376\377\0006\000.\0009\000.\0003\000.\0002\0009\000\040\000f\000o\000r\000m\000L\000a\000y\000o\000u\000t}{subsection.6.9.3}% 108
\BOOKMARK [3][-]{subsubsection.6.9.3.30}{\376\377\0006\000.\0009\000.\0003\000.\0003\0000\000\040\000f\000p\000s\000L\000i\000v\000e\000V\000i\000e\000w\000L\000a\000b\000e\000l}{subsection.6.9.3}% 109
\BOOKMARK [3][-]{subsubsection.6.9.3.31}{\376\377\0006\000.\0009\000.\0003\000.\0003\0001\000\040\000f\000p\000s\000L\000i\000v\000e\000V\000i\000e\000w\000L\000i\000n\000e\000E\000d\000i\000t}{subsection.6.9.3}% 110
\BOOKMARK [3][-]{subsubsection.6.9.3.32}{\376\377\0006\000.\0009\000.\0003\000.\0003\0002\000\040\000g\000a\000i\000n\000L\000a\000b\000e\000l}{subsection.6.9.3}% 111
\BOOKMARK [3][-]{subsubsection.6.9.3.33}{\376\377\0006\000.\0009\000.\0003\000.\0003\0003\000\040\000g\000a\000i\000n\000V\000a\000l\000u\000e\000L\000i\000n\000e\000E\000d\000i\000t}{subsection.6.9.3}% 112
\BOOKMARK [3][-]{subsubsection.6.9.3.34}{\376\377\0006\000.\0009\000.\0003\000.\0003\0004\000\040\000g\000e\000t\000C\000o\000o\000r\000d\000i\000n\000a\000t\000e\000s\000B\000u\000t\000t\000o\000n}{subsection.6.9.3}% 113
\BOOKMARK [3][-]{subsubsection.6.9.3.35}{\376\377\0006\000.\0009\000.\0003\000.\0003\0005\000\040\000g\000r\000i\000d\000L\000a\000y\000o\000u\000t\000\137\0003}{subsection.6.9.3}% 114
\BOOKMARK [3][-]{subsubsection.6.9.3.36}{\376\377\0006\000.\0009\000.\0003\000.\0003\0006\000\040\000g\000r\000i\000d\000L\000a\000y\000o\000u\000t\000\137\0004}{subsection.6.9.3}% 115
\BOOKMARK [3][-]{subsubsection.6.9.3.37}{\376\377\0006\000.\0009\000.\0003\000.\0003\0007\000\040\000g\000r\000i\000d\000L\000a\000y\000o\000u\000t\000\137\0005}{subsection.6.9.3}% 116
\BOOKMARK [3][-]{subsubsection.6.9.3.38}{\376\377\0006\000.\0009\000.\0003\000.\0003\0008\000\040\000g\000r\000i\000d\000L\000a\000y\000o\000u\000t\000\137\0006}{subsection.6.9.3}% 117
\BOOKMARK [3][-]{subsubsection.6.9.3.39}{\376\377\0006\000.\0009\000.\0003\000.\0003\0009\000\040\000h\000o\000r\000i\000z\000o\000n\000t\000a\000l\000L\000a\000y\000o\000u\000t}{subsection.6.9.3}% 118
\BOOKMARK [3][-]{subsubsection.6.9.3.40}{\376\377\0006\000.\0009\000.\0003\000.\0004\0000\000\040\000h\000o\000r\000i\000z\000o\000n\000t\000a\000l\000S\000p\000a\000c\000e\000r}{subsection.6.9.3}% 119
\BOOKMARK [3][-]{subsubsection.6.9.3.41}{\376\377\0006\000.\0009\000.\0003\000.\0004\0001\000\040\000h\000o\000r\000i\000z\000o\000n\000t\000a\000l\000S\000p\000a\000c\000e\000r\000\137\0002}{subsection.6.9.3}% 120
\BOOKMARK [3][-]{subsubsection.6.9.3.42}{\376\377\0006\000.\0009\000.\0003\000.\0004\0002\000\040\000h\000o\000r\000i\000z\000o\000n\000t\000a\000l\000S\000p\000a\000c\000e\000r\000\137\0004}{subsection.6.9.3}% 121
\BOOKMARK [3][-]{subsubsection.6.9.3.43}{\376\377\0006\000.\0009\000.\0003\000.\0004\0003\000\040\000h\000o\000r\000i\000z\000o\000n\000t\000a\000l\000S\000p\000a\000c\000e\000r\000\137\0005}{subsection.6.9.3}% 122
\BOOKMARK [3][-]{subsubsection.6.9.3.44}{\376\377\0006\000.\0009\000.\0003\000.\0004\0004\000\040\000i\000n\000f\000o\000C\000o\000n\000s\000o\000l\000e\000T\000e\000x\000t\000B\000r\000o\000w\000s\000e\000r}{subsection.6.9.3}% 123
\BOOKMARK [3][-]{subsubsection.6.9.3.45}{\376\377\0006\000.\0009\000.\0003\000.\0004\0005\000\040\000l\000i\000n\000e}{subsection.6.9.3}% 124
\BOOKMARK [3][-]{subsubsection.6.9.3.46}{\376\377\0006\000.\0009\000.\0003\000.\0004\0006\000\040\000l\000i\000n\000e\000\137\0002}{subsection.6.9.3}% 125
\BOOKMARK [3][-]{subsubsection.6.9.3.47}{\376\377\0006\000.\0009\000.\0003\000.\0004\0007\000\040\000l\000i\000n\000e\000\137\0003}{subsection.6.9.3}% 126
\BOOKMARK [3][-]{subsubsection.6.9.3.48}{\376\377\0006\000.\0009\000.\0003\000.\0004\0008\000\040\000l\000i\000n\000e\000\137\0004}{subsection.6.9.3}% 127
\BOOKMARK [3][-]{subsubsection.6.9.3.49}{\376\377\0006\000.\0009\000.\0003\000.\0004\0009\000\040\000l\000i\000v\000e\000C\000a\000m\000e\000r\000a\000V\000i\000e\000w\000L\000a\000b\000e\000l}{subsection.6.9.3}% 128
\BOOKMARK [3][-]{subsubsection.6.9.3.50}{\376\377\0006\000.\0009\000.\0003\000.\0005\0000\000\040\000m\000a\000i\000n\000M\000e\000n\000u\000W\000i\000d\000g\000e\000t}{subsection.6.9.3}% 129
\BOOKMARK [3][-]{subsubsection.6.9.3.51}{\376\377\0006\000.\0009\000.\0003\000.\0005\0001\000\040\000m\000e\000n\000u\000A\000b\000o\000u\000t}{subsection.6.9.3}% 130
\BOOKMARK [3][-]{subsubsection.6.9.3.52}{\376\377\0006\000.\0009\000.\0003\000.\0005\0002\000\040\000m\000e\000n\000u\000b\000a\000r}{subsection.6.9.3}% 131
\BOOKMARK [3][-]{subsubsection.6.9.3.53}{\376\377\0006\000.\0009\000.\0003\000.\0005\0003\000\040\000m\000e\000n\000u\000F\000i\000l\000e}{subsection.6.9.3}% 132
\BOOKMARK [3][-]{subsubsection.6.9.3.54}{\376\377\0006\000.\0009\000.\0003\000.\0005\0004\000\040\000m\000e\000n\000u\000V\000i\000e\000w}{subsection.6.9.3}% 133
\BOOKMARK [3][-]{subsubsection.6.9.3.55}{\376\377\0006\000.\0009\000.\0003\000.\0005\0005\000\040\000o\000p\000t\000i\000o\000n\000s\000W\000i\000d\000g\000e\000t}{subsection.6.9.3}% 134
\BOOKMARK [3][-]{subsubsection.6.9.3.56}{\376\377\0006\000.\0009\000.\0003\000.\0005\0006\000\040\000o\000u\000t\000l\000i\000n\000e\000s\000C\000h\000e\000c\000k\000B\000o\000x}{subsection.6.9.3}% 135
\BOOKMARK [3][-]{subsubsection.6.9.3.57}{\376\377\0006\000.\0009\000.\0003\000.\0005\0007\000\040\000p\000r\000o\000g\000r\000a\000m\000I\000m\000a\000g\000e\000L\000a\000b\000e\000l}{subsection.6.9.3}% 136
\BOOKMARK [3][-]{subsubsection.6.9.3.58}{\376\377\0006\000.\0009\000.\0003\000.\0005\0008\000\040\000r\000o\000b\000o\000t\000I\000P\000L\000a\000b\000e\000l}{subsection.6.9.3}% 137
\BOOKMARK [3][-]{subsubsection.6.9.3.59}{\376\377\0006\000.\0009\000.\0003\000.\0005\0009\000\040\000r\000o\000b\000o\000t\000I\000P\000L\000i\000n\000e\000E\000d\000i\000t}{subsection.6.9.3}% 138
\BOOKMARK [3][-]{subsubsection.6.9.3.60}{\376\377\0006\000.\0009\000.\0003\000.\0006\0000\000\040\000r\000o\000b\000o\000t\000O\000p\000t\000i\000o\000n\000s\000L\000a\000b\000e\000l}{subsection.6.9.3}% 139
\BOOKMARK [3][-]{subsubsection.6.9.3.61}{\376\377\0006\000.\0009\000.\0003\000.\0006\0001\000\040\000r\000o\000b\000o\000t\000P\000o\000r\000t\000L\000a\000b\000e\000l}{subsection.6.9.3}% 140
\BOOKMARK [3][-]{subsubsection.6.9.3.62}{\376\377\0006\000.\0009\000.\0003\000.\0006\0002\000\040\000r\000o\000b\000o\000t\000P\000o\000r\000t\000L\000i\000n\000e\000E\000d\000i\000t}{subsection.6.9.3}% 141
\BOOKMARK [3][-]{subsubsection.6.9.3.63}{\376\377\0006\000.\0009\000.\0003\000.\0006\0003\000\040\000s\000a\000v\000e\000I\000m\000a\000g\000e\000B\000u\000t\000t\000o\000n}{subsection.6.9.3}% 142
\BOOKMARK [3][-]{subsubsection.6.9.3.64}{\376\377\0006\000.\0009\000.\0003\000.\0006\0004\000\040\000s\000t\000a\000r\000t\000\137\000P\000r\000o\000g\000r\000a\000m\000W\000i\000d\000g\000e\000t}{subsection.6.9.3}% 143
\BOOKMARK [3][-]{subsubsection.6.9.3.65}{\376\377\0006\000.\0009\000.\0003\000.\0006\0005\000\040\000s\000t\000a\000r\000t\000C\000a\000m\000e\000r\000a\000V\000i\000e\000w\000B\000u\000t\000t\000o\000n}{subsection.6.9.3}% 144
\BOOKMARK [3][-]{subsubsection.6.9.3.66}{\376\377\0006\000.\0009\000.\0003\000.\0006\0006\000\040\000s\000t\000a\000r\000t\000P\000r\000o\000g\000r\000a\000m\000H\000e\000a\000d\000l\000i\000n\000e\000L\000a\000b\000e\000l}{subsection.6.9.3}% 145
\BOOKMARK [3][-]{subsubsection.6.9.3.67}{\376\377\0006\000.\0009\000.\0003\000.\0006\0007\000\040\000s\000t\000a\000r\000t\000P\000r\000o\000g\000r\000a\000m\000S\000t\000a\000t\000u\000s\000C\000o\000l\000o\000r\000L\000a\000b\000e\000l}{subsection.6.9.3}% 146
\BOOKMARK [3][-]{subsubsection.6.9.3.68}{\376\377\0006\000.\0009\000.\0003\000.\0006\0008\000\040\000s\000t\000a\000r\000t\000R\000o\000b\000o\000t\000B\000u\000t\000t\000o\000n}{subsection.6.9.3}% 147
\BOOKMARK [3][-]{subsubsection.6.9.3.69}{\376\377\0006\000.\0009\000.\0003\000.\0006\0009\000\040\000s\000t\000a\000t\000u\000s\000b\000a\000r}{subsection.6.9.3}% 148
\BOOKMARK [3][-]{subsubsection.6.9.3.70}{\376\377\0006\000.\0009\000.\0003\000.\0007\0000\000\040\000s\000t\000o\000p\000p\000C\000a\000m\000e\000r\000a\000V\000i\000e\000w\000B\000u\000t\000t\000o\000n}{subsection.6.9.3}% 149
\BOOKMARK [3][-]{subsubsection.6.9.3.71}{\376\377\0006\000.\0009\000.\0003\000.\0007\0001\000\040\000t\000a\000b\000W\000i\000d\000g\000e\000t}{subsection.6.9.3}% 150
\BOOKMARK [3][-]{subsubsection.6.9.3.72}{\376\377\0006\000.\0009\000.\0003\000.\0007\0002\000\040\000v\000e\000r\000t\000i\000c\000a\000l\000L\000a\000y\000o\000u\000t\000\137\0002}{subsection.6.9.3}% 151
\BOOKMARK [3][-]{subsubsection.6.9.3.73}{\376\377\0006\000.\0009\000.\0003\000.\0007\0003\000\040\000v\000e\000r\000t\000i\000c\000a\000l\000L\000a\000y\000o\000u\000t\000\137\0004}{subsection.6.9.3}% 152
\BOOKMARK [3][-]{subsubsection.6.9.3.74}{\376\377\0006\000.\0009\000.\0003\000.\0007\0004\000\040\000v\000e\000r\000t\000i\000c\000a\000l\000S\000p\000a\000c\000e\000r}{subsection.6.9.3}% 153
\BOOKMARK [3][-]{subsubsection.6.9.3.75}{\376\377\0006\000.\0009\000.\0003\000.\0007\0005\000\040\000v\000e\000r\000t\000i\000c\000a\000l\000S\000p\000a\000c\000e\000r\000\137\0002}{subsection.6.9.3}% 154
\BOOKMARK [3][-]{subsubsection.6.9.3.76}{\376\377\0006\000.\0009\000.\0003\000.\0007\0006\000\040\000v\000e\000r\000t\000i\000c\000a\000l\000S\000p\000a\000c\000e\000r\000\137\0003}{subsection.6.9.3}% 155
\BOOKMARK [3][-]{subsubsection.6.9.3.77}{\376\377\0006\000.\0009\000.\0003\000.\0007\0007\000\040\000v\000e\000r\000t\000i\000c\000a\000l\000S\000p\000a\000c\000e\000r\000\137\0005}{subsection.6.9.3}% 156
\BOOKMARK [3][-]{subsubsection.6.9.3.78}{\376\377\0006\000.\0009\000.\0003\000.\0007\0008\000\040\000v\000e\000r\000t\000i\000c\000a\000l\000S\000p\000a\000c\000e\000r\000\137\0006}{subsection.6.9.3}% 157
\BOOKMARK [3][-]{subsubsection.6.9.3.79}{\376\377\0006\000.\0009\000.\0003\000.\0007\0009\000\040\000w\000o\000r\000k\000i\000n\000g\000A\000r\000e\000a\000g\000r\000i\000d\000L\000a\000y\000o\000u\000t}{subsection.6.9.3}% 158
\BOOKMARK [3][-]{subsubsection.6.9.3.80}{\376\377\0006\000.\0009\000.\0003\000.\0008\0000\000\040\000w\000o\000r\000k\000i\000n\000g\000A\000r\000e\000a\000L\000a\000b\000e\000l}{subsection.6.9.3}% 159
\BOOKMARK [3][-]{subsubsection.6.9.3.81}{\376\377\0006\000.\0009\000.\0003\000.\0008\0001\000\040\000x\000m\000a\000x\000L\000a\000b\000e\000l}{subsection.6.9.3}% 160
\BOOKMARK [3][-]{subsubsection.6.9.3.82}{\376\377\0006\000.\0009\000.\0003\000.\0008\0002\000\040\000x\000m\000a\000x\000V\000a\000l\000u\000e\000L\000i\000n\000e\000E\000d\000i\000t}{subsection.6.9.3}% 161
\BOOKMARK [3][-]{subsubsection.6.9.3.83}{\376\377\0006\000.\0009\000.\0003\000.\0008\0003\000\040\000x\000m\000i\000n\000L\000a\000b\000e\000l}{subsection.6.9.3}% 162
\BOOKMARK [3][-]{subsubsection.6.9.3.84}{\376\377\0006\000.\0009\000.\0003\000.\0008\0004\000\040\000x\000m\000i\000n\000V\000a\000l\000u\000e\000L\000i\000n\000e\000E\000d\000i\000t}{subsection.6.9.3}% 163
\BOOKMARK [3][-]{subsubsection.6.9.3.85}{\376\377\0006\000.\0009\000.\0003\000.\0008\0005\000\040\000y\000m\000a\000x\000L\000a\000b\000e\000l}{subsection.6.9.3}% 164
\BOOKMARK [3][-]{subsubsection.6.9.3.86}{\376\377\0006\000.\0009\000.\0003\000.\0008\0006\000\040\000y\000m\000a\000x\000V\000a\000l\000u\000e\000L\000i\000n\000e\000e\000d\000i\000t}{subsection.6.9.3}% 165
\BOOKMARK [3][-]{subsubsection.6.9.3.87}{\376\377\0006\000.\0009\000.\0003\000.\0008\0007\000\040\000y\000m\000i\000n\000L\000a\000b\000e\000l}{subsection.6.9.3}% 166
\BOOKMARK [3][-]{subsubsection.6.9.3.88}{\376\377\0006\000.\0009\000.\0003\000.\0008\0008\000\040\000y\000m\000i\000n\000V\000a\000l\000u\000e\000L\000i\000n\000e\000E\000d\000i\000t}{subsection.6.9.3}% 167
\BOOKMARK [3][-]{subsubsection.6.9.3.89}{\376\377\0006\000.\0009\000.\0003\000.\0008\0009\000\040\000z\000m\000a\000x\000L\000a\000b\000e\000l}{subsection.6.9.3}% 168
\BOOKMARK [3][-]{subsubsection.6.9.3.90}{\376\377\0006\000.\0009\000.\0003\000.\0009\0000\000\040\000z\000m\000a\000x\000V\000a\000l\000u\000e\000L\000i\000n\000e\000E\000d\000i\000t}{subsection.6.9.3}% 169
\BOOKMARK [3][-]{subsubsection.6.9.3.91}{\376\377\0006\000.\0009\000.\0003\000.\0009\0001\000\040\000z\000m\000i\000n\000L\000a\000b\000e\000l}{subsection.6.9.3}% 170
\BOOKMARK [3][-]{subsubsection.6.9.3.92}{\376\377\0006\000.\0009\000.\0003\000.\0009\0002\000\040\000z\000m\000i\000n\000V\000a\000l\000u\000e\000L\000i\000n\000e\000E\000d\000i\000t}{subsection.6.9.3}% 171
\BOOKMARK [3][-]{subsubsection.6.9.3.93}{\376\377\0006\000.\0009\000.\0003\000.\0009\0003\000\040\000z\000O\000f\000f\000s\000e\000t\000F\000i\000n\000a\000l\000L\000a\000b\000e\000l}{subsection.6.9.3}% 172
\BOOKMARK [3][-]{subsubsection.6.9.3.94}{\376\377\0006\000.\0009\000.\0003\000.\0009\0004\000\040\000z\000O\000f\000f\000s\000e\000t\000F\000i\000n\000a\000l\000L\000i\000n\000e\000E\000d\000i\000t}{subsection.6.9.3}% 173
\BOOKMARK [3][-]{subsubsection.6.9.3.95}{\376\377\0006\000.\0009\000.\0003\000.\0009\0005\000\040\000z\000O\000f\000f\000s\000e\000t\000L\000a\000b\000e\000l}{subsection.6.9.3}% 174
\BOOKMARK [3][-]{subsubsection.6.9.3.96}{\376\377\0006\000.\0009\000.\0003\000.\0009\0006\000\040\000z\000O\000f\000f\000s\000e\000t\000L\000n\000e\000E\000d\000i\000t}{subsection.6.9.3}% 175
\BOOKMARK [0][-]{chapter.7}{\376\377\0007\000\040\000F\000i\000l\000e\000\040\000D\000o\000c\000u\000m\000e\000n\000t\000a\000t\000i\000o\000n}{}% 176
\BOOKMARK [1][-]{section.7.1}{\376\377\0007\000.\0001\000\040\000/\000h\000o\000m\000e\000/\000k\000u\000k\000a\000v\000i\000s\000i\000o\000n\000/\000K\000u\000k\000a\000V\000i\000s\000i\000o\000n\000/\000r\000e\000p\000o\000/\000K\000u\000k\000a\000V\000i\000s\000i\000o\000n\000/\000i\000n\000c\000l\000u\000d\000e\000/\000C\000a\000m\000e\000r\000a\000S\000t\000r\000e\000a\000m\000.\000h\000\040\000F\000i\000l\000e\000\040\000R\000e\000f\000e\000r\000e\000n\000c\000e}{chapter.7}% 177
\BOOKMARK [1][-]{section.7.2}{\376\377\0007\000.\0002\000\040\000/\000h\000o\000m\000e\000/\000k\000u\000k\000a\000v\000i\000s\000i\000o\000n\000/\000K\000u\000k\000a\000V\000i\000s\000i\000o\000n\000/\000r\000e\000p\000o\000/\000K\000u\000k\000a\000V\000i\000s\000i\000o\000n\000/\000i\000n\000c\000l\000u\000d\000e\000/\000E\000K\000R\000L\000S\000e\000r\000v\000e\000r\000.\000h\000\040\000F\000i\000l\000e\000\040\000R\000e\000f\000e\000r\000e\000n\000c\000e}{chapter.7}% 178
\BOOKMARK [2][-]{subsection.7.2.1}{\376\377\0007\000.\0002\000.\0001\000\040\000M\000a\000c\000r\000o\000\040\000D\000e\000f\000i\000n\000i\000t\000i\000o\000n\000\040\000D\000o\000c\000u\000m\000e\000n\000t\000a\000t\000i\000o\000n}{section.7.2}% 179
\BOOKMARK [3][-]{subsubsection.7.2.1.1}{\376\377\0007\000.\0002\000.\0001\000.\0001\000\040\000B\000U\000F\000F\000E\000R\000S\000I\000Z\000E}{subsection.7.2.1}% 180
\BOOKMARK [3][-]{subsubsection.7.2.1.2}{\376\377\0007\000.\0002\000.\0001\000.\0002\000\040\000C\000O\000N\000N\000A\000T\000T\000E\000M\000P\000T\000S}{subsection.7.2.1}% 181
\BOOKMARK [3][-]{subsubsection.7.2.1.3}{\376\377\0007\000.\0002\000.\0001\000.\0003\000\040\000C\000O\000N\000N\000D\000E\000L\000A\000Y}{subsection.7.2.1}% 182
\BOOKMARK [2][-]{subsection.7.2.2}{\376\377\0007\000.\0002\000.\0002\000\040\000F\000u\000n\000c\000t\000i\000o\000n\000\040\000D\000o\000c\000u\000m\000e\000n\000t\000a\000t\000i\000o\000n}{section.7.2}% 183
\BOOKMARK [3][-]{subsubsection.7.2.2.1}{\376\377\0007\000.\0002\000.\0002\000.\0001\000\040\000b\000u\000f\000f\000e\000r\000T\000o\000F\000r\000a\000m\000e\000\050\000\051}{subsection.7.2.2}% 184
\BOOKMARK [3][-]{subsubsection.7.2.2.2}{\376\377\0007\000.\0002\000.\0002\000.\0002\000\040\000b\000u\000f\000f\000e\000r\000T\000o\000V\000a\000r\000\050\000\051}{subsection.7.2.2}% 185
\BOOKMARK [3][-]{subsubsection.7.2.2.3}{\376\377\0007\000.\0002\000.\0002\000.\0003\000\040\000c\000h\000e\000c\000k\000V\000e\000r\000i\000f\000i\000c\000a\000t\000i\000o\000n\000B\000u\000f\000f\000e\000r\000\050\000\051}{subsection.7.2.2}% 186
\BOOKMARK [3][-]{subsubsection.7.2.2.4}{\376\377\0007\000.\0002\000.\0002\000.\0004\000\040\000c\000o\000n\000n\000e\000c\000t\000S\000o\000c\000k\000e\000t\000\050\000\051}{subsection.7.2.2}% 187
\BOOKMARK [3][-]{subsubsection.7.2.2.5}{\376\377\0007\000.\0002\000.\0002\000.\0005\000\040\000f\000r\000a\000m\000e\000T\000o\000B\000u\000f\000f\000e\000r\000\050\000\051}{subsection.7.2.2}% 188
\BOOKMARK [3][-]{subsubsection.7.2.2.6}{\376\377\0007\000.\0002\000.\0002\000.\0006\000\040\000r\000e\000c\000e\000i\000v\000e\000B\000u\000f\000f\000e\000r\000\050\000\051}{subsection.7.2.2}% 189
\BOOKMARK [3][-]{subsubsection.7.2.2.7}{\376\377\0007\000.\0002\000.\0002\000.\0007\000\040\000r\000u\000n\000E\000R\000K\000L\000S\000e\000q\000u\000e\000n\000c\000e\000\050\000\051}{subsection.7.2.2}% 190
\BOOKMARK [3][-]{subsubsection.7.2.2.8}{\376\377\0007\000.\0002\000.\0002\000.\0008\000\040\000s\000e\000n\000d\000B\000u\000f\000f\000e\000r\000\050\000\051}{subsection.7.2.2}% 191
\BOOKMARK [3][-]{subsubsection.7.2.2.9}{\376\377\0007\000.\0002\000.\0002\000.\0009\000\040\000v\000a\000r\000T\000o\000B\000u\000f\000f\000e\000r\000\050\000\051}{subsection.7.2.2}% 192
\BOOKMARK [1][-]{section.7.3}{\376\377\0007\000.\0003\000\040\000/\000h\000o\000m\000e\000/\000k\000u\000k\000a\000v\000i\000s\000i\000o\000n\000/\000K\000u\000k\000a\000V\000i\000s\000i\000o\000n\000/\000r\000e\000p\000o\000/\000K\000u\000k\000a\000V\000i\000s\000i\000o\000n\000/\000i\000n\000c\000l\000u\000d\000e\000/\000F\000i\000n\000d\000C\000a\000m\000e\000r\000a\000D\000i\000a\000l\000o\000g\000.\000h\000\040\000F\000i\000l\000e\000\040\000R\000e\000f\000e\000r\000e\000n\000c\000e}{chapter.7}% 193
\BOOKMARK [1][-]{section.7.4}{\376\377\0007\000.\0004\000\040\000/\000h\000o\000m\000e\000/\000k\000u\000k\000a\000v\000i\000s\000i\000o\000n\000/\000K\000u\000k\000a\000V\000i\000s\000i\000o\000n\000/\000r\000e\000p\000o\000/\000K\000u\000k\000a\000V\000i\000s\000i\000o\000n\000/\000i\000n\000c\000l\000u\000d\000e\000/\000M\000a\000i\000n\000W\000i\000n\000d\000o\000w\000.\000h\000\040\000F\000i\000l\000e\000\040\000R\000e\000f\000e\000r\000e\000n\000c\000e}{chapter.7}% 194
\BOOKMARK [2][-]{subsection.7.4.1}{\376\377\0007\000.\0004\000.\0001\000\040\000T\000y\000p\000e\000d\000e\000f\000\040\000D\000o\000c\000u\000m\000e\000n\000t\000a\000t\000i\000o\000n}{section.7.4}% 195
\BOOKMARK [3][-]{subsubsection.7.4.1.1}{\376\377\0007\000.\0004\000.\0001\000.\0001\000\040\000j\000s\000o\000n}{subsection.7.4.1}% 196
\BOOKMARK [1][-]{section.7.5}{\376\377\0007\000.\0005\000\040\000/\000h\000o\000m\000e\000/\000k\000u\000k\000a\000v\000i\000s\000i\000o\000n\000/\000K\000u\000k\000a\000V\000i\000s\000i\000o\000n\000/\000r\000e\000p\000o\000/\000K\000u\000k\000a\000V\000i\000s\000i\000o\000n\000/\000i\000n\000c\000l\000u\000d\000e\000/\000M\000a\000i\000n\000W\000i\000n\000d\000o\000w\000U\000I\000.\000h\000\040\000F\000i\000l\000e\000\040\000R\000e\000f\000e\000r\000e\000n\000c\000e}{chapter.7}% 197
\BOOKMARK [1][-]{section.7.6}{\376\377\0007\000.\0006\000\040\000/\000h\000o\000m\000e\000/\000k\000u\000k\000a\000v\000i\000s\000i\000o\000n\000/\000K\000u\000k\000a\000V\000i\000s\000i\000o\000n\000/\000r\000e\000p\000o\000/\000K\000u\000k\000a\000V\000i\000s\000i\000o\000n\000/\000i\000n\000c\000l\000u\000d\000e\000/\000o\000b\000j\000e\000c\000t\000\137\000d\000e\000t\000e\000c\000t\000i\000o\000n\000.\000h\000\040\000F\000i\000l\000e\000\040\000R\000e\000f\000e\000r\000e\000n\000c\000e}{chapter.7}% 198
\BOOKMARK [2][-]{subsection.7.6.1}{\376\377\0007\000.\0006\000.\0001\000\040\000F\000u\000n\000c\000t\000i\000o\000n\000\040\000D\000o\000c\000u\000m\000e\000n\000t\000a\000t\000i\000o\000n}{section.7.6}% 199
\BOOKMARK [3][-]{subsubsection.7.6.1.1}{\376\377\0007\000.\0006\000.\0001\000.\0001\000\040\000c\000o\000o\000r\000d\000i\000n\000a\000t\000e\000T\000r\000a\000n\000s\000f\000o\000r\000m\000\050\000\051}{subsection.7.6.1}% 200
\BOOKMARK [3][-]{subsubsection.7.6.1.2}{\376\377\0007\000.\0006\000.\0001\000.\0002\000\040\000f\000i\000n\000d\000A\000n\000d\000D\000r\000a\000w\000O\000b\000j\000e\000c\000t\000s\000\050\000\051}{subsection.7.6.1}% 201
\BOOKMARK [1][-]{section.7.7}{\376\377\0007\000.\0007\000\040\000/\000h\000o\000m\000e\000/\000k\000u\000k\000a\000v\000i\000s\000i\000o\000n\000/\000K\000u\000k\000a\000V\000i\000s\000i\000o\000n\000/\000r\000e\000p\000o\000/\000K\000u\000k\000a\000V\000i\000s\000i\000o\000n\000/\000i\000n\000c\000l\000u\000d\000e\000/\000O\000b\000j\000e\000c\000t\000D\000e\000t\000a\000i\000l\000s\000.\000h\000\040\000F\000i\000l\000e\000\040\000R\000e\000f\000e\000r\000e\000n\000c\000e}{chapter.7}% 202
\BOOKMARK [0][-]{section*.56}{\376\377\000I\000n\000d\000e\000x}{}% 203
